commit 9d6fe236f7d8c1cf5102e645f75cd1c512b7de5e
Author: Samarth Dhruva <samarthdhruva@utexas.edu>
Date:   Sat Jul 16 14:09:59 2016 -0500

    Added tsvector columns to every model, and changed makefile to write IDB3.log (Fixes #36)

commit c9fd0904caf63d99a4431aa732f835b6d1d3ce95
Author: Aila Enos <ailaenos@utexas.edu>
Date:   Fri Jul 15 19:01:01 2016 -0500

    Had to make the CSS url_for, now it looks decent

commit 73de72d2c480f3a2848a32fb0b0b1ee00599b573
Author: Aila Enos <ailaenos@utexas.edu>
Date:   Fri Jul 15 18:54:33 2016 -0500

    Search kind of works

commit c528a631e5ffee74235afa221778032c0ffc997e
Author: Kirk Johnson <kirk.johnson@utexas.edu>
Date:   Fri Jul 15 18:47:30 2016 -0500

    test

commit 0425f9d210b2d6ad5c31f785340e1a7093d1c59a
Author: Kirk Johnson <kirk.johnson@utexas.edu>
Date:   Fri Jul 15 18:46:15 2016 -0500

    forever

commit 324dbf0ea90b1413bbefd03d5960be932220d003
Author: Kirk Johnson <kirk.johnson@utexas.edu>
Date:   Fri Jul 15 18:43:03 2016 -0500

    removed another song id

commit 8f977b479615b0ed5aa5bc192dbe50c1159a0c58
Merge: 17ba1b5 07a7a78
Author: Kirk Johnson <kirk.johnson@utexas.edu>
Date:   Fri Jul 15 18:40:43 2016 -0500

    Merge branch 'dev' of https://github.com/ailae/cs373-idb into dev

commit 17ba1b523170f1be39c9826e9dd43c9adf856703
Author: Kirk Johnson <kirk.johnson@utexas.edu>
Date:   Fri Jul 15 18:40:35 2016 -0500

    macarena

commit 07a7a786f9e0a891b5c5b6d5073ec987b036f495
Author: Samarth Dhruva <samarthdhruva@utexas.edu>
Date:   Fri Jul 15 17:56:29 2016 -0500

    Re-ordered table args to see if it'll fix it

commit 9d5380d46b4c3d751f47b9a8ff7108e6f02c39a5
Merge: 9e4c3ae 1ce92d2
Author: Kirk Johnson <kirk.johnson@utexas.edu>
Date:   Fri Jul 15 17:20:44 2016 -0500

    Merge branch 'dev' of https://github.com/ailae/cs373-idb into dev

commit 9e4c3ae00ba68a563089fdbb267957449653e893
Author: Kirk Johnson <kirk.johnson@utexas.edu>
Date:   Fri Jul 15 17:20:40 2016 -0500

    added fuzzy stirng matching

commit 1ce92d2510d76c66fcd8e86c5d6ca6195c97aa6c
Author: Samarth Dhruva <samarthdhruva@utexas.edu>
Date:   Fri Jul 15 17:08:45 2016 -0500

    Fixed broken nature of Artist tsvector syntax, should work now.

commit a309b766025e4237599e7cb4a210d9921148fb58
Author: Samarth Dhruva <samarthdhruva@utexas.edu>
Date:   Fri Jul 15 16:59:50 2016 -0500

    Implemented the tsvector for Artist, hasn't been tested or verified yet.

commit 86d55cc3623e3222eb59107d4376d71c403445ac
Author: Samarth Dhruva <samarthdhruva@utexas.edu>
Date:   Tue Jul 12 21:10:45 2016 -0500

    Final Commit

commit 7af4f1c5ebb8db44df5e4445f769ae1cb225fa87
Merge: 11ae559 0dc1156
Author: Samarth Dhruva <samarthdhruva@utexas.edu>
Date:   Tue Jul 12 20:59:59 2016 -0500

    Merge branch 'dev' of https://github.com/ailae/cs373-idb into dev

commit 11ae5599b94cf2e74551fd6fbe593bc4d335cf5d
Author: Samarth Dhruva <samarthdhruva@utexas.edu>
Date:   Tue Jul 12 20:59:45 2016 -0500

    Added dictify to UML diagram

commit 0dc11561288cdb18d6d44c9d603dd7199c88cfc3
Author: Aila Enos <ailaenos@utexas.edu>
Date:   Tue Jul 12 20:59:34 2016 -0500

    Dictify methods now fixed to reflect actual server

commit 3b60810ac7396fe8a9e8880569d85ab7915594bf
Author: Samarth Dhruva <samarthdhruva@utexas.edu>
Date:   Tue Jul 12 20:53:24 2016 -0500

    Roughly the final commit

commit 24583d769849436cf5c617b9a98916f0ecd95c25
Author: Aila Enos <ailaenos@utexas.edu>
Date:   Tue Jul 12 20:35:08 2016 -0500

    Code should now match the server/website code

commit c2e223ca107384ff8172f602df81c860ba236e55
Author: Samarth Dhruva <samarthdhruva@utexas.edu>
Date:   Tue Jul 12 18:45:50 2016 -0500

    Documentation is now provided by epydoc, disabled pylint warning

commit 4203c217335d8396614a370e5a7f18ee7348cbe8
Author: Brady Miller <bratxdy@utexas.edu>
Date:   Tue Jul 12 18:21:08 2016 -0500

    Update apiary.apib

commit 593f6a229f337f312f00733f46364e1421593c95
Author: Samarth Dhruva <samarthdhruva@utexas.edu>
Date:   Tue Jul 12 17:22:22 2016 -0500

    Changed makefile

commit da348f4eca14ef69b1615f32d0b83441cac21d7d
Merge: f6acecc fa72d8e
Author: Aila Enos <ailaenos@utexas.edu>
Date:   Tue Jul 12 16:02:05 2016 -0500

    Merge branch 'dev' of https://github.com/ailae/cs373-idb into dev

commit f6aceccc716c89e3f3f04d83bb6b57120df06577
Author: Aila Enos <ailaenos@utexas.edu>
Date:   Tue Jul 12 16:01:57 2016 -0500

    Year song table and association is added

commit fa72d8e77edd6d86ffcf39de5ccb7b77250bd659
Author: Samarth Dhruva <samarthdhruva@utexas.edu>
Date:   Tue Jul 12 15:47:27 2016 -0500

    Updated UML diagram again, fixed multiplicity arrows

commit da749a3ae23d98324ebfba511dd027d4104d742a
Author: Samarth Dhruva <samarthdhruva@utexas.edu>
Date:   Tue Jul 12 15:34:15 2016 -0500

    Fixed UML diagram to match new models (Fixes #22)

commit b0c9cda0a10d335c0e9853a326c16d8c0f5143bb
Merge: 41c273c 4d665a8
Author: Kirk Johnson <kirk.johnson@utexas.edu>
Date:   Tue Jul 12 15:08:57 2016 -0500

    Merge branch 'dev' of https://github.com/ailae/cs373-idb into dev

commit 41c273c20b682ff9e56048b4e860b04941107562
Author: Kirk Johnson <kirk.johnson@utexas.edu>
Date:   Tue Jul 12 15:08:48 2016 -0500

    do the macarena

commit 4d665a826f10afea903f22dc094d8d9f0ce687a8
Merge: 5d843d4 e012045
Author: Aila Enos <ailaenos@utexas.edu>
Date:   Tue Jul 12 14:49:03 2016 -0500

    Merge branch 'dev' of https://github.com/ailae/cs373-idb into dev

commit 5d843d45f19ec382943a8c6aac961e796cb60796
Author: Aila Enos <ailaenos@utexas.edu>
Date:   Tue Jul 12 14:48:59 2016 -0500

    Messing with year song association

commit e0120452a4debad2653a81898ab04d6b12d2f4d3
Author: Kirk Johnson <kirk.johnson@utexas.edu>
Date:   Tue Jul 12 14:47:26 2016 -0500

    320 mismatches lefT

commit 0973a57c071a3a7e6f7e65e36be94483a8d0a855
Author: Kirk Johnson <kirk.johnson@utexas.edu>
Date:   Tue Jul 12 14:26:00 2016 -0500

    added rest of number 1s

commit b867baf32d0826b32c40182d4aa3a932ae45369c
Author: Kirk Johnson <kirk.johnson@utexas.edu>
Date:   Tue Jul 12 14:23:19 2016 -0500

    more number 1s

commit e2b958839b1fd9b87309eeb59fd575061556fc78
Merge: d2d16cb f17daa4
Author: Kirk Johnson <kirk.johnson@utexas.edu>
Date:   Tue Jul 12 13:54:42 2016 -0500

    Merge branch 'dev' of https://github.com/ailae/cs373-idb into dev

commit d2d16cba323ca3af8299073dc28f22c712ce9dfd
Author: Kirk Johnson <kirk.johnson@utexas.edu>
Date:   Tue Jul 12 13:54:34 2016 -0500

    added 2015

commit f17daa49c8679c01ca573c9507471e46f08210d3
Merge: 80a8a1e 4188846
Author: Samarth Dhruva <samarthdhruva@utexas.edu>
Date:   Tue Jul 12 13:27:14 2016 -0500

    Merge branch 'dev' of https://github.com/ailae/cs373-idb into dev

commit 80a8a1edf6a7c6bc80db0af680929f2bccd7f5a0
Author: Samarth Dhruva <samarthdhruva@utexas.edu>
Date:   Tue Jul 12 13:26:52 2016 -0500

    Changed files to work with python3, hopefully travis works now

commit 418884690c1eb453b021fa5ce776d37e104272b7
Author: Kirk Johnson <kirk.johnson@utexas.edu>
Date:   Tue Jul 12 13:19:55 2016 -0500

    filtered all songs association by artist as well

commit 7b41a0fb56f9d992450d057d457caa2480d89200
Author: Kirk Johnson <kirk.johnson@utexas.edu>
Date:   Mon Jul 11 18:26:38 2016 -0500

    added empty song and artist IDs

commit 0f80519787e165bf5c3140d1ad5a8319c98973f0
Author: Kirk Johnson <kirk.johnson@utexas.edu>
Date:   Mon Jul 11 18:04:59 2016 -0500

    all billboard charts

commit 1a1593ff3325d18f166d5af8fc2472a94f74eec8
Merge: 927d1b0 56220a3
Author: Kirk Johnson <kirk.johnson@utexas.edu>
Date:   Mon Jul 11 18:04:00 2016 -0500

    Merge branch 'dev' of https://github.com/ailae/cs373-idb into dev

commit 927d1b028ba44f93ffc0e085e1579fe3489f10ac
Author: Kirk Johnson <kirk.johnson@utexas.edu>
Date:   Mon Jul 11 18:03:50 2016 -0500

    all_songs_association.txt

commit 56220a333308cd6c1e2e2e167c65eafc40f5edd6
Author: Aila Enos <ailaenos@utexas.edu>
Date:   Mon Jul 11 17:47:40 2016 -0500

    Only pulls top 3 artists in genre main page, closes #31

commit 639434bd2f43124eab0d57241a389ccfd19da314
Author: Samarth Dhruva <samarthdhruva@live.com>
Date:   Mon Jul 11 17:43:45 2016 -0500

    Updated travis yml to include installing autopep8

commit 31e26318d18019e899c3ee4eb33d55fe193615ad
Author: Samarth Dhruva <samarthdhruva@live.com>
Date:   Mon Jul 11 17:41:26 2016 -0500

    Updated travis yml again

commit 8d406502177f17d7e51e89ef34edcc272a74230a
Author: Samarth Dhruva <samarthdhruva@live.com>
Date:   Mon Jul 11 17:35:27 2016 -0500

    Changed travis yml

commit f675a3eec5d0e4d9e55858142de7acb98863c419
Author: Kirk Johnson <kirk.johnson@utexas.edu>
Date:   Mon Jul 11 17:27:25 2016 -0500

    renamed travis.yml

commit e35968469d53a9ea1771120027e10d1896433b98
Author: Kirk Johnson <kirk.johnson@utexas.edu>
Date:   Mon Jul 11 17:21:55 2016 -0500

    added travis-yml and updated makefile

commit 49a12589b1a25beceec7b8a6aee0ffd5ddb721fb
Merge: 0c61437 f28c539
Author: Kirk Johnson <kirk.johnson@utexas.edu>
Date:   Mon Jul 11 16:54:19 2016 -0500

    Merge branch 'dev' of https://github.com/ailae/cs373-idb into dev

commit 0c61437c172009a7380f86f001d9c620d50fb127
Author: Kirk Johnson <kirk.johnson@utexas.edu>
Date:   Mon Jul 11 16:54:03 2016 -0500

    Added unit tests for dictify

commit f28c539e5b14c72712ca514ced6e68f4ab913286
Merge: e2bbd31 eecb75c
Author: Aila Enos <ailaenos@utexas.edu>
Date:   Mon Jul 11 15:49:55 2016 -0500

    Merge branch 'dev' of https://github.com/ailae/cs373-idb into dev

commit e2bbd31169f14ade31a4e508c1d70a384348a7e2
Author: Aila Enos <ailaenos@utexas.edu>
Date:   Mon Jul 11 15:49:48 2016 -0500

    Add a lot of the linking, only thing left is to add the year-song chart information. Also removed Jessie, closing #28

commit eecb75c35dedf65e1e6f98b2c98e23242d5a07e9
Author: Alex Cheng <akc2267@users.noreply.github.com>
Date:   Mon Jul 11 15:27:16 2016 -0500

    Update models.py

commit 8c7c7690c1c64847478132f4b842fe729487ad8f
Merge: abc11e1 864a486
Author: Aila Enos <ailaenos@utexas.edu>
Date:   Mon Jul 11 15:23:55 2016 -0500

    Merge branch 'dev' of https://github.com/ailae/cs373-idb into dev

commit abc11e10096b132cdc6cf61a8dc09f85320045a1
Author: Aila Enos <ailaenos@utexas.edu>
Date:   Mon Jul 11 15:23:48 2016 -0500

    Fixed fencepost comma problem, closes #27

commit 864a48688387242d6f3b0a0ae981cf254ee9e3d8
Author: Alex Cheng <akc2267@users.noreply.github.com>
Date:   Mon Jul 11 15:23:04 2016 -0500

    updated the comments

commit 04b60513328c67861baa03ccc8c08fd1bff8c83e
Author: Samarth Dhruva <samarthdhruva@live.com>
Date:   Mon Jul 11 00:16:08 2016 -0500

    Removed repr from models--added coverage to the makefile. Coverage currently doesn't cover dictify in models. Overall coverage is hurt by inclusion of other imported files, maybe this needs to be fixed.

commit 22eeede0637d30d6ee262f5a931e1b61ddd3ccf6
Author: Samarth Dhruva <samarthdhruva@utexas.edu>
Date:   Sun Jul 10 20:17:48 2016 -0500

    All unit tests are passing with the new model structure, and the association table was successfully turned into an association object and is being used that way. (Fixes #19 and Fixes #24)

commit f524f746f445ebe2a21908dbea73488ed817a17a
Merge: 58c3bc4 ee8a316
Author: Aila Enos <ailaenos@utexas.edu>
Date:   Sun Jul 10 20:12:48 2016 -0500

    Merge branch 'dev' of https://github.com/ailae/cs373-idb into dev

commit 58c3bc4ef6c344af00aaee4a9675d0f3e26a01a0
Author: Aila Enos <ailaenos@utexas.edu>
Date:   Sun Jul 10 20:12:41 2016 -0500

    Added rough dynamic data into years and genres

commit ee8a316cb09560bf9a0dd53fa2f07632fa55b2bd
Author: bratxdy <bratxdy@utexas.edu>
Date:   Sun Jul 10 18:41:20 2016 -0500

    Modified the apis to only print the related names not the objects. Touches #25

commit 426a31f9e602700a1625ee93f76473cde614eabb
Merge: c00db14 86dac48
Author: Aila Enos <ailaenos@utexas.edu>
Date:   Sun Jul 10 18:37:25 2016 -0500

    Merge branch 'dev' of https://github.com/ailae/cs373-idb into dev

commit c00db147dbe185aba5afbf673a7ce215fb32cc10
Author: Aila Enos <ailaenos@utexas.edu>
Date:   Sun Jul 10 18:37:19 2016 -0500

    Added relations for genres and years

commit 86dac48b15fccd9351e2a42e7470ca71e69a2b2f
Author: bratxdy <bratxdy@utexas.edu>
Date:   Sun Jul 10 18:32:54 2016 -0500

    Fixed the restful apis for years and genres after getting the getting for those two models. Touches #25

commit ba576863cd31042d4408ce9f96301dffd26085fa
Merge: 8605d5c d2b9ba3
Author: Aila Enos <ailaenos@utexas.edu>
Date:   Sun Jul 10 18:16:58 2016 -0500

    Merge branch 'dev' of https://github.com/ailae/cs373-idb into dev

commit 8605d5c7228277b10ccb310e8cce8874b8424b3f
Author: Aila Enos <ailaenos@utexas.edu>
Date:   Sun Jul 10 18:16:50 2016 -0500

    Years and genre basic data added

commit d2b9ba37d54557f61a90a6109585bba722779cce
Author: Kirk Johnson <kirk.johnson@utexas.edu>
Date:   Sun Jul 10 18:09:11 2016 -0500

    added artist ID to artist_genres

commit b160ba89295f253825dcbfbba4747085e8a8ccde
Merge: ecc76c6 c04a4bf
Author: Kirk Johnson <kirk.johnson@utexas.edu>
Date:   Sun Jul 10 17:59:32 2016 -0500

    Merge branch 'dev' of https://github.com/ailae/cs373-idb into dev

commit ecc76c6f9432559ce6e51dbdfba811879c24fcd7
Author: Kirk Johnson <kirk.johnson@utexas.edu>
Date:   Sun Jul 10 17:59:23 2016 -0500

    removed links to last.fm

commit c04a4bfd7c670f951fe4e25100f54a67372907c6
Author: Samarth Dhruva <samarthdhruva@utexas.edu>
Date:   Sun Jul 10 17:52:11 2016 -0500

    Updated models documentation to reflect the fact that our top genre of the year is now the top genre of the album, and completed unit tests for songs. Genres still not tested.

commit 0e92ec74b2fc0d5cfc211815fd8c0ef79c32c0c4
Merge: 4d39bbc b06dc79
Author: Kirk Johnson <kirk.johnson@utexas.edu>
Date:   Sun Jul 10 17:46:10 2016 -0500

    Merge branch 'dev' of https://github.com/ailae/cs373-idb into dev

commit 4d39bbc10ada2f26af1ac7a1eecd5a37a025e538
Author: Kirk Johnson <kirk.johnson@utexas.edu>
Date:   Sun Jul 10 17:46:08 2016 -0500

    Finished genre JSONs

commit b06dc79a811fa63eac891f1a4c5c2bfc7d4836a9
Author: Samarth Dhruva <samarthdhruva@utexas.edu>
Date:   Sun Jul 10 17:28:42 2016 -0500

    Added the list of all Billboard data we have for songs/years into the JSON folder.

commit 5d5492cf02d4b325e92e874bf0c14efccf661aba
Author: Samarth Dhruva <samarthdhruva@utexas.edu>
Date:   Sun Jul 10 17:23:24 2016 -0500

    Added years and songs tests. Still incomplete

commit 189cebce8ab4183803720de5d816df8b8286e1d9
Merge: 8693325 d8aa8b3
Author: bratxdy <bratxdy@utexas.edu>
Date:   Sun Jul 10 16:32:34 2016 -0500

    Merge branch 'dev' of https://github.com/ailae/cs373-idb into dev

commit 8693325ade4978a736cf570f57fc279c692e6829
Author: bratxdy <bratxdy@utexas.edu>
Date:   Sun Jul 10 16:32:30 2016 -0500

    Updated the apiary to include the /api/ we added. Touches #26.

commit d8aa8b330e5d65ec6dadb2a5091fabfdd457c0d6
Merge: 4f6b2c4 43aef77
Author: Aila Enos <ailaenos@utexas.edu>
Date:   Sun Jul 10 16:31:15 2016 -0500

    Merge branch 'dev' of https://github.com/ailae/cs373-idb into dev

commit 43aef77ec1cd6a35bab3b3e8bf6ee3db422f22f1
Merge: e466da8 d4eb1d7
Author: bratxdy <bratxdy@utexas.edu>
Date:   Sun Jul 10 16:30:45 2016 -0500

    Merge branch 'dev' of https://github.com/ailae/cs373-idb into dev

commit e466da8a66c5efe38c58d47bc6a12b32a4a388b7
Author: bratxdy <bratxdy@utexas.edu>
Date:   Sun Jul 10 16:30:43 2016 -0500

    Finished up the initial implementation of the restful api.

commit 4f6b2c4847615b7228f6bd957b0baede93172231
Merge: c487b27 d4eb1d7
Author: Aila Enos <ailaenos@utexas.edu>
Date:   Sun Jul 10 16:29:48 2016 -0500

    Merge branch 'dev' of https://github.com/ailae/cs373-idb into dev

commit c487b2767ad92565d7abef82060a5a5798019906
Author: Aila Enos <ailaenos@utexas.edu>
Date:   Sun Jul 10 16:29:40 2016 -0500

    Uncommented code in init so that DB always works, removed 3 template files that are not unused

commit d4eb1d7921a60a420d1d3292bb9526ea07cea981
Merge: a0f0740 4cbe08b
Author: Kirk Johnson <kirk.johnson@utexas.edu>
Date:   Sun Jul 10 16:21:27 2016 -0500

    Merge branch 'dev' of https://github.com/ailae/cs373-idb into dev

commit a0f074055a6832cdf9b8e137ec003fa074f69fb8
Author: Kirk Johnson <kirk.johnson@utexas.edu>
Date:   Sun Jul 10 16:21:23 2016 -0500

    finalized artist genres

commit 4cbe08b8dafd1291b69c4ed48b9cf78b88ad16ef
Merge: a3a5df7 aef0053
Author: Aila Enos <ailaenos@utexas.edu>
Date:   Sun Jul 10 16:03:59 2016 -0500

    Merge branch 'dev' of https://github.com/ailae/cs373-idb into dev

commit a3a5df763b8553368a9721d05f67de78ae9c6321
Author: Aila Enos <ailaenos@utexas.edu>
Date:   Sun Jul 10 16:03:53 2016 -0500

    Made the dynamic artist and song pages

commit aef0053c696568422e6625d2cb0bb36ea119c960
Merge: 742b98a 8a9c9aa
Author: Kirk Johnson <kirk.johnson@utexas.edu>
Date:   Sun Jul 10 16:02:27 2016 -0500

    Merge branch 'dev' of https://github.com/ailae/cs373-idb into dev

commit 742b98a4931898784f5b5a5ce87132efa1f89665
Author: Kirk Johnson <kirk.johnson@utexas.edu>
Date:   Sun Jul 10 16:02:08 2016 -0500

    artist genre list done

commit 8a9c9aa3af816f41885bbfe0769b3b2728d64024
Author: bratxdy <bratxdy@utexas.edu>
Date:   Sun Jul 10 15:45:38 2016 -0500

    Updated the apiary and removed old unneeded files. Touches #26

commit 6bcf38438ecac64964c9a0c7866ad8bae62902dd
Author: Kirk Johnson <kirk.johnson@utexas.edu>
Date:   Sun Jul 10 14:52:16 2016 -0500

    almost done with genre test

commit 821441e3d596416c0aa6ea066b8fa19cc62fe3b4
Author: Samarth Dhruva <samarthdhruva@utexas.edu>
Date:   Sat Jul 9 19:41:37 2016 -0500

    Added first year test, still need to finish more tests. Extended a model's name string max length

commit de0fc5c3c0c53d87d04f6f7e9548d48fd8f7530f
Author: Kirk Johnson <kirk.johnson@utexas.edu>
Date:   Sat Jul 9 19:21:08 2016 -0500

    updated artist_genres.txt

commit 10e659612b30ea8c7ad552f5def306f674fcc629
Author: Aila Enos <ailaenos@utexas.edu>
Date:   Sat Jul 9 19:12:43 2016 -0500

    Somehow init got messed up with merging in the past

commit 89427f01cb9fc8b685f00c16f846d007f778dbbf
Merge: 61aa658 e0d657b
Author: Kirk Johnson <kirk.johnson@utexas.edu>
Date:   Sat Jul 9 19:06:51 2016 -0500

    merge?

commit 61aa658e8c4f8ee9fc64ec9f3535a1cb14e13d87
Author: Kirk Johnson <kirk.johnson@utexas.edu>
Date:   Sat Jul 9 19:02:05 2016 -0500

    dumped genre/artist correlation

commit e0d657b7821c433ef1b0fd2b0e767a94d96ef6ed
Author: Aila Enos <ailaenos@utexas.edu>
Date:   Sat Jul 9 19:00:02 2016 -0500

    Made headings pink and caps

commit 750040e38c5712c69923e6e968ec83b253dd4894
Author: Aila Enos <ailaenos@utexas.edu>
Date:   Sat Jul 9 18:45:33 2016 -0500

    Artists and songs are now loaded dynamically

commit 164b9872ba94cfb81fc4e3db8a98930b82c8729a
Merge: 9582477 1c90e33
Author: Aila Enos <ailaenos@utexas.edu>
Date:   Sat Jul 9 18:36:51 2016 -0500

    Merge branch 'dev' of https://github.com/ailae/cs373-idb into dev

commit 958247774492dafb05260ed843b4495ae3a7e580
Author: Aila Enos <ailaenos@utexas.edu>
Date:   Sat Jul 9 18:35:57 2016 -0500

    Embedded data into artists and songs page dynamically

commit 1c90e3363c4705693b766e17e0d758edeec71106
Author: Brady Miller <bratxdy@utexas.edu>
Date:   Sat Jul 9 18:30:49 2016 -0500

    Touches #26. Updated the apiary

commit d4b6699f3efeb73d080999dd182e239c24649d33
Merge: acea2d0 5068dec
Author: Alexander Cheng <akc2267@cs.utexas.edu>
Date:   Sat Jul 9 18:29:54 2016 -0500

    Merge branch 'dev' of https://github.com/ailae/cs373-idb into dev

commit acea2d0717072077064355b936ee85bc0cd2cea1
Author: Alexander Cheng <akc2267@cs.utexas.edu>
Date:   Sat Jul 9 18:29:17 2016 -0500

    added album and artist id

commit d40753d76e8a1309f76c9a92b65cd7ef1fffa615
Author: Alexander Cheng <akc2267@cs.utexas.edu>
Date:   Sat Jul 9 18:28:34 2016 -0500

    added album and artist id

commit 5068dece67571692afe7320f06edbcf83566b170
Merge: e55798c f75b451
Author: bratxdy <bratxdy@utexas.edu>
Date:   Sat Jul 9 18:22:05 2016 -0500

    Merge branch 'dev' of https://github.com/ailae/cs373-idb into dev

commit e55798cd7c96c6f923bd904deb4dceefe9374201
Author: bratxdy <bratxdy@utexas.edu>
Date:   Sat Jul 9 18:21:44 2016 -0500

    finished the songs and artists api

commit f75b4516acf6c3a4c4240f37938369a4984cd99e
Author: Samarth Dhruva <samarthdhruva@utexas.edu>
Date:   Sat Jul 9 18:20:46 2016 -0500

    Updated artists unit tests to new specs, they're passing. Stil need to finish others.

commit 00b8963d565f8ca5938e33394da9a4422398fc1d
Author: Aila Enos <ailaenos@utexas.edu>
Date:   Sat Jul 9 16:55:57 2016 -0500

    Added settings to gitignore

commit 91eb854d0c7c4fcf165265253ba9763e66dc7d98
Author: Aila Enos <ailaenos@utexas.edu>
Date:   Sat Jul 9 16:36:34 2016 -0500

    Moved DB settings to a new folder

commit fe355aa1c84016cccfb4a8236e3183a3b9205307
Author: Samarth Dhruva <samarthdhruva@utexas.edu>
Date:   Sat Jul 9 16:22:06 2016 -0500

    Updated models to support more characters in names, and removed spotify_url field because it is unnecessary

commit a7870608b378b8ef28bdc65f37788f4fb36f40b0
Author: Samarth Dhruva <samarthdhruva@utexas.edu>
Date:   Sat Jul 9 16:10:13 2016 -0500

    Updated models and tests to use Association table, still need to fix tests.

commit fa597e5c3bc0ca7f24e71a72826fce67405e7fa3
Merge: 49bed53 699264e
Author: bratxdy <bratxdy@utexas.edu>
Date:   Sat Jul 9 15:24:06 2016 -0500

    Merge branch 'dev' of https://github.com/ailae/cs373-idb into dev

commit 49bed53e3e95a67ca5aea2a272b132aa025a4d88
Author: bratxdy <bratxdy@utexas.edu>
Date:   Sat Jul 9 15:24:00 2016 -0500

    Updating the artists data with genres

commit 699264e4d04bb1dba7414b0b85d8ae46acb1ec4c
Author: Samarth Dhruva <samarthdhruva@utexas.edu>
Date:   Fri Jul 8 22:45:41 2016 -0500

    Updated init.py to reflect a little bit about how we may approach adding all of the elements. Models was also updated because an association table cannot hold extra data (which we needed to hold rank for a song/year combo)--using an association object now, but this implementation is not complete.

commit b5d9598db5515d52f41efd0fc126c836f0ee090d
Merge: 31d146f ab337d2
Author: bratxdy <bratxdy@utexas.edu>
Date:   Fri Jul 8 18:15:47 2016 -0500

    Merge branch 'dev' of https://github.com/ailae/cs373-idb into dev

commit 31d146f4241f2abdd0eda41465d125c8fa749431
Author: bratxdy <bratxdy@utexas.edu>
Date:   Fri Jul 8 18:15:45 2016 -0500

    Added the artists script that was used to build the artists data

commit ab337d2d43ed908fff5f81dae8224bebffbdabe8
Author: Aila Enos <ailaenos@utexas.edu>
Date:   Fri Jul 8 17:38:37 2016 -0500

    Modified the models to make artist_id the PK

commit 508c247900851be050b68187b36a4e4f5809abf8
Author: bratxdy <bratxdy@utexas.edu>
Date:   Fri Jul 8 16:33:15 2016 -0500

    Added the artists data

commit 45083d6fe13d5e9c329c59154fb3afd7e2c6f1a8
Author: Alexander Cheng <akc2267@cs.utexas.edu>
Date:   Fri Jul 8 15:49:05 2016 -0500

    mobile tables js

commit 10aa62534521714c9731632813df08ff5ef3f6ef
Merge: 9e377e0 1a78750
Author: Alexander Cheng <akc2267@cs.utexas.edu>
Date:   Fri Jul 8 15:43:43 2016 -0500

    mobile tables js

commit 9e377e0760f5fa24bdd7cb1924b544fb090c2a22
Author: Alexander Cheng <akc2267@cs.utexas.edu>
Date:   Fri Jul 8 15:42:20 2016 -0500

    added JS for mobile table

commit 1a78750d18fbb5916b651301146da85d8e72b08a
Merge: 36198f8 f75728b
Author: Aila Enos <ailaenos@utexas.edu>
Date:   Fri Jul 8 15:35:33 2016 -0500

    Merge branch 'dev' of https://github.com/ailae/cs373-idb into dev

commit 36198f89cca8b6ec0e4c8a601c55c533ed2964e5
Author: Aila Enos <ailaenos@utexas.edu>
Date:   Fri Jul 8 15:34:34 2016 -0500

    Adding all this data doesn't work

commit f75728b9802c19613dde58f023c3401ac8aa214a
Author: Alexander Cheng <akc2267@cs.utexas.edu>
Date:   Fri Jul 8 15:32:53 2016 -0500

    added mobile tables

commit c48c2e309924e254fd3efbbfb4878ad37d97fc25
Author: bratxdy <bratxdy@utexas.edu>
Date:   Fri Jul 8 14:31:14 2016 -0500

    Updated the songs txt file with all the songs.

commit dfbf14f063f9630cd90ffea087305910deae55ec
Merge: b9c77f1 49256ca
Author: Aila Enos <ailaenos@utexas.edu>
Date:   Fri Jul 8 14:06:54 2016 -0500

    Merge branch 'master' of https://github.com/ailae/cs373-idb into dev

commit b9c77f14842e8046e4a47d9fb62dc35b4a3b0dbe
Author: Aila Enos <ailaenos@utexas.edu>
Date:   Fri Jul 8 12:25:37 2016 -0500

    Centered the navbar. Had to remove the navbar brand, and add in the carousel CSS sheet for the years, artists, genres, and songs general pages to get it to work. Weird.

commit 8cd064b568ca30734143684ac21ed505a2bf5e4d
Author: Aila Enos <ailaenos@utexas.edu>
Date:   Fri Jul 8 12:05:44 2016 -0500

    Made carousel background color pink and added transparent image

commit 49256cac6b25635355d028eac22a29279397978d
Author: bratxdy <bratxdy@utexas.edu>
Date:   Fri Jul 8 01:51:34 2016 -0500

    Adding the script I used to build the songs json, also the songs.json and the missing songs.

commit b1202bac884688be31fff77b0e44595e754ec60a
Author: Aila Enos <ailaenos@utexas.edu>
Date:   Fri Jul 8 01:07:48 2016 -0500

    Capitalized all the navbar items on each page and made the active link actually correct on some of them

commit ecb2e14f1e7d54415aabbabcc13d18411aff1dff
Author: Aila Enos <ailaenos@utexas.edu>
Date:   Fri Jul 8 00:51:29 2016 -0500

    Changed font to Trebuchet MS for navbar

commit 8ca5c88ec107076cc82953b73240c43b21709098
Author: Aila Enos <ailaenos@utexas.edu>
Date:   Fri Jul 8 00:45:24 2016 -0500

    Had to remove imported stylesheet so that the pink links persist/use our modified stylesheet

commit bcff9a3b01ccfb4357a6186b5c015223f9f3dc41
Author: Aila Enos <ailaenos@utexas.edu>
Date:   Fri Jul 8 00:37:36 2016 -0500

    Made the navbar static top and removed all the padding from the old navbar

commit fc7f8459359fba53cc646c1499a39625941c8ca6
Author: Aila Enos <ailaenos@utexas.edu>
Date:   Thu Jul 7 18:27:38 2016 -0500

    Got the Postgres DB up and running, can add and remove data

commit bc2348ead09f11049af7d24354107241e422721f
Author: Yajieniu <fineyear3714@gmail.com>
Date:   Thu Jul 7 02:39:56 2016 -0500

    fixed __repr__ and    syntax of models.py

commit fa4a93ce9739c5bcdbdb243d973898f5ac84e498
Author: Samarth Dhruva <samarthdhruva@utexas.edu>
Date:   Wed Jul 6 17:41:27 2016 -0500

    Updated and redesigned models to include relationships rather than arrays.

commit eee2cf52ff6cdab05b9bb3bdfa83c9b5196651bb
Author: Aila Enos <ailaenos@utexas.edu>
Date:   Wed Jul 6 15:29:43 2016 -0500

    Jk looked at project requirements and it's safer to have our app folder called app, not sweetify like it had been on the host server

commit 3f77b9e86dce3b980f9d2d6eaafc3e31fec9e3d7
Author: Aila Enos <ailaenos@utexas.edu>
Date:   Wed Jul 6 15:24:31 2016 -0500

    Restructuring the directories so it will be easier to merge with the server when the time has come

commit b54b21aac1443e86f2a9a640eaad2bfa964f11b7
Merge: ed87541 5d5c16e
Author: Samarth Dhruva <samarthdhruva@live.com>
Date:   Tue Jul 5 21:18:06 2016 -0500

    Fixed gitignore

commit 5d5c16e1c6c3e90d40bc1b845475214d288dde5f
Author: Samarth Dhruva <samarthdhruva@live.com>
Date:   Tue Jul 5 21:14:33 2016 -0500

    Final commit, deleted temporary APIUnittests

commit ed87541750f4b1faad693c1cdfb1fb44bf89ebdd
Author: Yajieniu <fineyear3714@gmail.com>
Date:   Tue Jul 5 21:07:11 2016 -0500

    the last

commit 31a253e7f47235dfa5187558c2943162e19fd5bc
Author: Yajieniu <fineyear3714@gmail.com>
Date:   Tue Jul 5 20:47:33 2016 -0500

    makefile created

commit 8686c2677efad19eb354e4400bda5d5d92a0f749
Author: Samarth Dhruva <samarthdhruva@live.com>
Date:   Tue Jul 5 20:19:19 2016 -0500

    Removed unnecessary files

commit 99a76a2ec1faabc08a9eba24aee6b4ca332cf7d3
Author: Samarth Dhruva <samarthdhruva@live.com>
Date:   Tue Jul 5 20:13:34 2016 -0500

    Updated API Unit tests again (Fixes #15)

commit d2757afd21998c33e34cebd5c6c6bd74288bd383
Merge: 37a06ae 7007ca9
Author: Samarth Dhruva <samarthdhruva@live.com>
Date:   Tue Jul 5 20:05:04 2016 -0500

    Merge branch 'dev'
    
    Merging dev branch with master after models and tests were changed.

commit 7007ca9d103e13e4d35a515d9fe456280c328411
Author: Samarth Dhruva <samarthdhruva@live.com>
Date:   Tue Jul 5 20:04:13 2016 -0500

    Updated all models to use only SQLAlchemy, not Flask-SQLAlchemy, and all tests now match that format. Both are rated above 9 by pylint. (Fixes #2 and Fixes #16)

commit 37a06ae014212cca1b2bf26a60d99dc4ca445423
Author: Aila Enos <ailaenos@utexas.edu>
Date:   Tue Jul 5 19:44:21 2016 -0500

    Adding website code

commit f006256b3c4bab580b5b0c3942d9f3b96fe59845
Author: Yajieniu <fineyear3714@gmail.com>
Date:   Tue Jul 5 16:44:44 2016 -0500

    models.py is ready

commit f78988ed4f75e315b81cdb3136c45d999a1ffc7e
Author: Yajieniu <fineyear3714@gmail.com>
Date:   Tue Jul 5 16:18:54 2016 -0500

    changed arrays to large string

commit cc86a7ad7328e644fadddd4e7dcd2e9020664541
Merge: e9dfbad f154151
Author: Yajieniu <fineyear3714@gmail.com>
Date:   Tue Jul 5 14:32:30 2016 -0500

    some changes

commit f154151546619e4f31a6e3460e6588d8c0586ea8
Author: Alex Cheng <akc2267@users.noreply.github.com>
Date:   Tue Jul 5 14:04:24 2016 -0500

    created gitignore

commit e9dfbad55f14fbe573b5b301267f14b4d471aedc
Author: bratxdy <bratxdy@utexas.edu>
Date:   Tue Jul 5 09:43:27 2016 -0500

    Added the methods to the UML. Closes #7.

commit d41f25e707f397a1778cfef2a67e90192b8b4006
Merge: 823bdec a3bc827
Author: Samarth Dhruva <samarthdhruva@utexas.edu>
Date:   Sun Jul 3 21:16:34 2016 -0500

    Merge branch 'dev'
    
    Updated unit tests and fixed syntax errors

commit a3bc827cdd3d7a5e628201cb670e38cb01822283
Author: Samarth Dhruva <samarthdhruva@utexas.edu>
Date:   Sun Jul 3 21:10:18 2016 -0500

    Fixed syntax errors in unit tests

commit 6fd5328f9f09ab14a50ce9ece2ccd9995b30c46b
Author: Samarth Dhruva <samarthdhruva@utexas.edu>
Date:   Sun Jul 3 20:33:02 2016 -0500

    Updated unit tests to reflect the new song_name:song_id attribute (Fixes #11)

commit fb8103e3679be52e6bbfb3907bb5fa39157435e3
Author: Yajieniu <fineyear3714@gmail.com>
Date:   Sun Jul 3 14:55:20 2016 -0500

    changed all song names to song id:name pairs

commit 823bdec8fc3c153b445270282632504de8fb0223
Merge: 01602fc 345423a
Author: Samarth Dhruva <samarthdhruva@utexas.edu>
Date:   Sun Jul 3 02:19:09 2016 -0500

    Merge branch 'dev'
    
    Unit tests are essentially done and most work has been done in master thus far, so merging makes sense.

commit 345423a06e7dda8033e884449f484952fdf8d97f
Author: Samarth Dhruva <samarthdhruva@utexas.edu>
Date:   Sun Jul 3 02:18:46 2016 -0500

    Implemented unit tests for the models, currently three for each model. (Fixes #6)

commit d0504fda191623174889b0425c0bf6586dcd27d6
Author: Samarth Dhruva <samarthdhruva@utexas.edu>
Date:   Fri Jul 1 20:54:37 2016 -0500

    Implemented temporary unit tests for Artist model, using syntax found online. Unsure if these tests are valid, however.

commit 5ee146a739b82e17230d404c2ed72a080fec2c71
Author: Yajieniu <fineyear3714@gmail.com>
Date:   Fri Jul 1 18:24:44 2016 -0500

    How about these models

commit 4b05a6da368a62419d1d3beafe8c6ad7ef33c093
Author: Yajieniu <fineyear3714@gmail.com>
Date:   Fri Jul 1 18:21:28 2016 -0500

    How about these models

commit 01602fc003598c5945558ee903fdfef309f430f5
Merge: 02bb7f0 104b99c
Author: bratxdy <bratxdy@utexas.edu>
Date:   Fri Jul 1 09:46:37 2016 -0500

    Modifying the url for the apis. Touches #1

commit 02bb7f0127adae4e395339ce4c6721598923f597
Author: bratxdy <bratxdy@utexas.edu>
Date:   Fri Jul 1 09:45:32 2016 -0500

    Modifying the url for the apis. Touches #1

commit 6e8c94077dacf0f4a883433bc77f29635ebc0947
Author: Yajieniu <fineyear3714@gmail.com>
Date:   Fri Jul 1 00:32:24 2016 -0500

    Updated models.py, but it's not the last version

commit 104b99c37120837ef7d5db0318c6ebae4e620304
Author: Brady Miller <bratxdy@utexas.edu>
Date:   Thu Jun 30 23:17:34 2016 -0500

    Minor change. Touches #1.

commit 413b93ca3fe995cad8c5e18f1811ac4306226d4a
Author: bratxdy <bratxdy@utexas.edu>
Date:   Thu Jun 30 23:16:32 2016 -0500

    Updated the apiary.apib to match the wiki on API design. Touches #1.

commit 4f5bc4736142b13bea80063b99caa8d9f3c377c6
Author: Samarth Dhruva <samarthdhruva@utexas.edu>
Date:   Thu Jun 30 18:12:25 2016 -0500

    Made some changes to models and tests, need to run on personal computer because CS machines don't have sqlalchemy

commit 7c236b82308ae6746e66a974b592e7d11fc9bf50
Author: Samarth Dhruva <samarthdhruva@utexas.edu>
Date:   Thu Jun 30 18:00:55 2016 -0500

    Added tests, put models inside app folder

commit ff66f78a50480988f45dbcd6f9c96e0bfcb108bb
Author: Yajieniu <fineyear3714@gmail.com>
Date:   Thu Jun 30 17:56:59 2016 -0500

    added models, not complete

commit 61100665741207f4370a97c00c21133eb20dd849
Author: ailae <ailaenos@gmail.com>
Date:   Thu Jun 30 17:47:13 2016 -0500

    Adding optional params to return all songs/arists/years/genres

commit f56bf5018aa647eff10220475df5a9ea46922946
Author: Samarth Dhruva <samarthdhruva@live.com>
Date:   Thu Jun 30 15:32:55 2016 -0500

    Added API Unit tests, which aren't relevant at the moment, but will be later.

commit 590bf7173f6e8995da5ff15d53d6fc90e469ec3d
Author: bratxdy <bratxdy@utexas.edu>
Date:   Wed Jun 29 23:20:57 2016 -0500

    Initial UML diagram. Touches #7.

commit 50312c927fd0cb0d51332bd35b05fcb77074966b
Author: ailae <ailaenos@gmail.com>
Date:   Wed Jun 29 19:54:57 2016 -0500

    Transferring API Description file from Apiary.io

commit d942dd3a41ad0b28f655403c2b0eefd5775cc6bf
Author: ailae <ailaenos@gmail.com>
Date:   Wed Jun 29 19:24:43 2016 -0500

    Transferring API Description file from Apiary.io

commit 900c30559704d246b1fb8844e2fbd52525feae39
Author: ailae <ailaenos@utexas.edu>
Date:   Wed Jun 29 19:24:21 2016 -0500

    Create README.md
