************* Module models
R: 25, 0: Too few public methods (0/2) (too-few-public-methods)
R: 63, 0: Too few public methods (0/2) (too-few-public-methods)
R: 96, 0: Too few public methods (0/2) (too-few-public-methods)
R:132, 0: Too few public methods (0/2) (too-few-public-methods)


Report
======
42 statements analysed.

Statistics by type
------------------

+---------+-------+-----------+-----------+------------+---------+
|type     |number |old number |difference |%documented |%badname |
+=========+=======+===========+===========+============+=========+
|module   |1      |1          |=          |100.00      |0.00     |
+---------+-------+-----------+-----------+------------+---------+
|class    |4      |4          |=          |100.00      |0.00     |
+---------+-------+-----------+-----------+------------+---------+
|method   |4      |4          |=          |100.00      |0.00     |
+---------+-------+-----------+-----------+------------+---------+
|function |0      |0          |=          |0           |0        |
+---------+-------+-----------+-----------+------------+---------+



External dependencies
---------------------
::

    sqlalchemy (models)
      \-dialects 
      | \-postgresql (models)
      \-ext 
        \-declarative (models)



Raw metrics
-----------

+----------+-------+------+---------+-----------+
|type      |number |%     |previous |difference |
+==========+=======+======+=========+===========+
|code      |68     |29.31 |70       |-2.00      |
+----------+-------+------+---------+-----------+
|docstring |17     |7.33  |17       |=          |
+----------+-------+------+---------+-----------+
|comment   |106    |45.69 |106      |=          |
+----------+-------+------+---------+-----------+
|empty     |41     |17.67 |41       |=          |
+----------+-------+------+---------+-----------+



Duplication
-----------

+-------------------------+------+---------+-----------+
|                         |now   |previous |difference |
+=========================+======+=========+===========+
|nb duplicated lines      |0     |0        |=          |
+-------------------------+------+---------+-----------+
|percent duplicated lines |0.000 |0.000    |=          |
+-------------------------+------+---------+-----------+



Messages by category
--------------------

+-----------+-------+---------+-----------+
|type       |number |previous |difference |
+===========+=======+=========+===========+
|convention |0      |0        |=          |
+-----------+-------+---------+-----------+
|refactor   |4      |4        |=          |
+-----------+-------+---------+-----------+
|warning    |0      |0        |=          |
+-----------+-------+---------+-----------+
|error      |0      |0        |=          |
+-----------+-------+---------+-----------+



Messages
--------

+-----------------------+------------+
|message id             |occurrences |
+=======================+============+
|too-few-public-methods |4           |
+-----------------------+------------+



Global evaluation
-----------------
Your code has been rated at 9.05/10 (previous run: 9.09/10, -0.04)

